<?xml version="1.0" encoding="UTF-8"?>
<!-- Generated by org.testng.reporters.JUnitReportReporter -->
<testsuite hostname="almiras-Air.attlocal.net" failures="0" tests="1" name="runner.TestRunnerReg" time="10.529" errors="0" timestamp="2023-04-08T11:25:12 EDT" skipped="0">
  <testcase classname="runner.TestRunnerReg" name="runScenario" time="10.529"/>
  <system-out>
    <![CDATA[The application is launched successfully!!
The item is searched successfully!!]]>
  </system-out>
</testsuite> <!-- runner.TestRunnerReg -->
